# JRE version: OpenJDK Runtime Environment (8.0_202-b03) (build 1.8.0_202-release-1483-b03)
# Java VM: OpenJDK 64-Bit Server VM (25.202-b03 mixed mode windows-amd64 compressed oops)
Heap:
 PSYoungGen      total 174080K, used 113356K [0x00000000e0000000, 0x00000000ed500000, 0x0000000100000000)
  eden space 137216K, 82% used [0x00000000e0000000,0x00000000e6eb32a8,0x00000000e8600000)
  from space 36864K, 0% used [0x00000000eaa80000,0x00000000eaa80000,0x00000000ece80000)
  to   space 37376K, 0% used [0x00000000e8600000,0x00000000e8600000,0x00000000eaa80000)
 ParOldGen       total 194048K, used 57896K [0x00000000a0000000, 0x00000000abd80000, 0x00000000e0000000)
  object space 194048K, 29% used [0x00000000a0000000,0x00000000a388a178,0x00000000abd80000)
 Metaspace       used 94634K, capacity 99144K, committed 99672K, reserved 1136640K
  class space    used 12127K, capacity 12958K, committed 13184K, reserved 1048576K
GC Heap History (10 events):
Event: 2344.793 GC heap before
{Heap before GC invocations=28 (full 3):
 PSYoungGen      total 139264K, used 139242K [0x00000000e0000000, 0x00000000eac80000, 0x0000000100000000)
  eden space 115712K, 100% used [0x00000000e0000000,0x00000000e7100000,0x00000000e7100000)
  from space 23552K, 99% used [0x00000000e8d80000,0x00000000ea47aa20,0x00000000ea480000)
  to   space 29184K, 0% used [0x00000000e7100000,0x00000000e7100000,0x00000000e8d80000)
 ParOldGen       total 135168K, used 55131K [0x00000000a0000000, 0x00000000a8400000, 0x00000000e0000000)
  object space 135168K, 40% used [0x00000000a0000000,0x00000000a35d6c70,0x00000000a8400000)
 Metaspace       used 85214K, capacity 89074K, committed 89176K, reserved 1126400K
  class space    used 10840K, capacity 11619K, committed 11648K, reserved 1048576K
Event: 2344.816 GC heap after
Heap after GC invocations=28 (full 3):
 PSYoungGen      total 144896K, used 22025K [0x00000000e0000000, 0x00000000eb680000, 0x0000000100000000)
  eden space 115712K, 0% used [0x00000000e0000000,0x00000000e0000000,0x00000000e7100000)
  from space 29184K, 75% used [0x00000000e7100000,0x00000000e86827a0,0x00000000e8d80000)
  to   space 30720K, 0% used [0x00000000e9880000,0x00000000e9880000,0x00000000eb680000)
 ParOldGen       total 135168K, used 57324K [0x00000000a0000000, 0x00000000a8400000, 0x00000000e0000000)
  object space 135168K, 42% used [0x00000000a0000000,0x00000000a37fb190,0x00000000a8400000)
 Metaspace       used 85214K, capacity 89074K, committed 89176K, reserved 1126400K
  class space    used 10840K, capacity 11619K, committed 11648K, reserved 1048576K
}
Event: 2345.614 GC heap before
{Heap before GC invocations=29 (full 3):
 PSYoungGen      total 144896K, used 137713K [0x00000000e0000000, 0x00000000eb680000, 0x0000000100000000)
  eden space 115712K, 99% used [0x00000000e0000000,0x00000000e70f9d40,0x00000000e7100000)
  from space 29184K, 75% used [0x00000000e7100000,0x00000000e86827a0,0x00000000e8d80000)
  to   space 30720K, 0% used [0x00000000e9880000,0x00000000e9880000,0x00000000eb680000)
 ParOldGen       total 135168K, used 57324K [0x00000000a0000000, 0x00000000a8400000, 0x00000000e0000000)
  object space 135168K, 42% used [0x00000000a0000000,0x00000000a37fb190,0x00000000a8400000)
 Metaspace       used 85224K, capacity 89074K, committed 89176K, reserved 1126400K
  class space    used 10840K, capacity 11619K, committed 11648K, reserved 1048576K
Event: 2345.634 GC heap after
Heap after GC invocations=29 (full 3):
 PSYoungGen      total 155136K, used 21949K [0x00000000e0000000, 0x00000000ebb00000, 0x0000000100000000)
  eden space 124416K, 0% used [0x00000000e0000000,0x00000000e0000000,0x00000000e7980000)
  from space 30720K, 71% used [0x00000000e9880000,0x00000000eadef7e0,0x00000000eb680000)
  to   space 31744K, 0% used [0x00000000e7980000,0x00000000e7980000,0x00000000e9880000)
 ParOldGen       total 135168K, used 57332K [0x00000000a0000000, 0x00000000a8400000, 0x00000000e0000000)
  object space 135168K, 42% used [0x00000000a0000000,0x00000000a37fd190,0x00000000a8400000)
 Metaspace       used 85224K, capacity 89074K, committed 89176K, reserved 1126400K
  class space    used 10840K, capacity 11619K, committed 11648K, reserved 1048576K
}
Event: 2347.750 GC heap before
{Heap before GC invocations=30 (full 3):
 PSYoungGen      total 155136K, used 146365K [0x00000000e0000000, 0x00000000ebb00000, 0x0000000100000000)
  eden space 124416K, 100% used [0x00000000e0000000,0x00000000e7980000,0x00000000e7980000)
  from space 30720K, 71% used [0x00000000e9880000,0x00000000eadef7e0,0x00000000eb680000)
  to   space 31744K, 0% used [0x00000000e7980000,0x00000000e7980000,0x00000000e9880000)
 ParOldGen       total 135168K, used 57332K [0x00000000a0000000, 0x00000000a8400000, 0x00000000e0000000)
  object space 135168K, 42% used [0x00000000a0000000,0x00000000a37fd190,0x00000000a8400000)
 Metaspace       used 88740K, capacity 93006K, committed 93272K, reserved 1130496K
  class space    used 11313K, capacity 12147K, committed 12160K, reserved 1048576K
Event: 2347.778 GC heap after
Heap after GC invocations=30 (full 3):
 PSYoungGen      total 156160K, used 31726K [0x00000000e0000000, 0x00000000ece80000, 0x0000000100000000)
  eden space 124416K, 0% used [0x00000000e0000000,0x00000000e0000000,0x00000000e7980000)
  from space 31744K, 99% used [0x00000000e7980000,0x00000000e987b840,0x00000000e9880000)
  to   space 36864K, 0% used [0x00000000eaa80000,0x00000000eaa80000,0x00000000ece80000)
 ParOldGen       total 135168K, used 58798K [0x00000000a0000000, 0x00000000a8400000, 0x00000000e0000000)
  object space 135168K, 43% used [0x00000000a0000000,0x00000000a396ba48,0x00000000a8400000)
 Metaspace       used 88740K, capacity 93006K, committed 93272K, reserved 1130496K
  class space    used 11313K, capacity 12147K, committed 12160K, reserved 1048576K
}
Event: 2348.837 GC heap before
{Heap before GC invocations=31 (full 3):
 PSYoungGen      total 156160K, used 79263K [0x00000000e0000000, 0x00000000ece80000, 0x0000000100000000)
  eden space 124416K, 38% used [0x00000000e0000000,0x00000000e2e6c5f0,0x00000000e7980000)
  from space 31744K, 99% used [0x00000000e7980000,0x00000000e987b840,0x00000000e9880000)
  to   space 36864K, 0% used [0x00000000eaa80000,0x00000000eaa80000,0x00000000ece80000)
 ParOldGen       total 135168K, used 58798K [0x00000000a0000000, 0x00000000a8400000, 0x00000000e0000000)
  object space 135168K, 43% used [0x00000000a0000000,0x00000000a396ba48,0x00000000a8400000)
 Metaspace       used 93339K, capacity 98180K, committed 98280K, reserved 1134592K
  class space    used 12030K, capacity 12956K, committed 13056K, reserved 1048576K
Event: 2348.900 GC heap after
Heap after GC invocations=31 (full 3):
 PSYoungGen      total 174080K, used 24193K [0x00000000e0000000, 0x00000000ed500000, 0x0000000100000000)
  eden space 137216K, 0% used [0x00000000e0000000,0x00000000e0000000,0x00000000e8600000)
  from space 36864K, 65% used [0x00000000eaa80000,0x00000000ec220698,0x00000000ece80000)
  to   space 37376K, 0% used [0x00000000e8600000,0x00000000e8600000,0x00000000eaa80000)
 ParOldGen       total 135168K, used 65727K [0x00000000a0000000, 0x00000000a8400000, 0x00000000e0000000)
  object space 135168K, 48% used [0x00000000a0000000,0x00000000a402fca8,0x00000000a8400000)
 Metaspace       used 93339K, capacity 98180K, committed 98280K, reserved 1134592K
  class space    used 12030K, capacity 12956K, committed 13056K, reserved 1048576K
}
Event: 2348.901 GC heap before
{Heap before GC invocations=32 (full 4):
 PSYoungGen      total 174080K, used 24193K [0x00000000e0000000, 0x00000000ed500000, 0x0000000100000000)
  eden space 137216K, 0% used [0x00000000e0000000,0x00000000e0000000,0x00000000e8600000)
  from space 36864K, 65% used [0x00000000eaa80000,0x00000000ec220698,0x00000000ece80000)
  to   space 37376K, 0% used [0x00000000e8600000,0x00000000e8600000,0x00000000eaa80000)
 ParOldGen       total 135168K, used 65727K [0x00000000a0000000, 0x00000000a8400000, 0x00000000e0000000)
  object space 135168K, 48% used [0x00000000a0000000,0x00000000a402fca8,0x00000000a8400000)
 Metaspace       used 93339K, capacity 98180K, committed 98280K, reserved 1134592K
  class space    used 12030K, capacity 12956K, committed 13056K, reserved 1048576K
Event: 2349.872 GC heap after
Heap after GC invocations=32 (full 4):
 PSYoungGen      total 174080K, used 0K [0x00000000e0000000, 0x00000000ed500000, 0x0000000100000000)
  eden space 137216K, 0% used [0x00000000e0000000,0x00000000e0000000,0x00000000e8600000)
  from space 36864K, 0% used [0x00000000eaa80000,0x00000000eaa80000,0x00000000ece80000)
  to   space 37376K, 0% used [0x00000000e8600000,0x00000000e8600000,0x00000000eaa80000)
 ParOldGen       total 194048K, used 57896K [0x00000000a0000000, 0x00000000abd80000, 0x00000000e0000000)
  object space 194048K, 29% used [0x00000000a0000000,0x00000000a388a178,0x00000000abd80000)
 Metaspace       used 92912K, capacity 97066K, committed 98280K, reserved 1134592K
  class space    used 11897K, capacity 12709K, committed 13056K, reserved 1048576K
}

